0 verbose cli C:\Program Files\nodejs\node.exe C:\Program Files\nodejs\node_modules\npm\bin\npm-cli.js
1 info using npm@11.12.1
2 info using node@v24.15.0
3 silly config load:file:C:\Program Files\nodejs\node_modules\npm\npmrc
4 silly config load:file:C:\Users\mosaf\OneDrive\Desktop\github\redbus\back-end-redbus\.npmrc
5 silly config load:file:C:\Users\mosaf\.npmrc
6 silly config load:file:C:\Users\mosaf\AppData\Roaming\npm\etc\npmrc
7 verbose title npm install dotenv
8 verbose argv "install" "dotenv" "--cache" ".npm-cache"
9 verbose logfile logs-max:10 dir:C:\Users\mosaf\OneDrive\Desktop\github\redbus\back-end-redbus\.npm-cache\_logs\2026-07-04T08_14_38_574Z-
10 verbose logfile C:\Users\mosaf\OneDrive\Desktop\github\redbus\back-end-redbus\.npm-cache\_logs\2026-07-04T08_14_38_574Z-debug-0.log
11 silly logfile done cleaning log files
12 silly packumentCache heap:4496293888 maxSize:1124073472 maxEntrySize:562036736
13 silly idealTree buildDeps
14 silly fetch manifest dotenv@*
15 silly packumentCache full:https://registry.npmjs.org/dotenv cache-miss
16 http fetch GET 200 https://registry.npmjs.org/dotenv 266ms (cache miss)
17 silly packumentCache full:https://registry.npmjs.org/dotenv set size:undefined disposed:false
18 silly placeDep ROOT dotenv@17.4.2 OK for: back-end-redbus@1.0.0 want: *
19 silly reify moves {}
20 silly audit bulk request {
20 silly audit   '@types/bson': [ '4.0.3' ],
20 silly audit   '@types/mongodb': [ '3.6.9' ],
20 silly audit   '@types/node': [ '14.14.33' ],
20 silly audit   accepts: [ '1.3.7' ],
20 silly audit   'array-flatten': [ '1.1.1' ],
20 silly audit   bl: [ '2.2.1' ],
20 silly audit   bluebird: [ '3.5.1' ],
20 silly audit   'body-parser': [ '1.19.0' ],
20 silly audit   bson: [ '1.1.5' ],
20 silly audit   bytes: [ '3.1.0' ],
20 silly audit   'content-disposition': [ '0.5.3' ],
20 silly audit   'content-type': [ '1.0.4' ],
20 silly audit   cookie: [ '0.4.0' ],
20 silly audit   'cookie-signature': [ '1.0.6' ],
20 silly audit   'core-util-is': [ '1.0.2' ],
20 silly audit   cors: [ '2.8.5' ],
20 silly audit   debug: [ '2.6.9', '3.1.0' ],
20 silly audit   denque: [ '1.5.0' ],
20 silly audit   depd: [ '1.1.2' ],
20 silly audit   destroy: [ '1.0.4' ],
20 silly audit   'ee-first': [ '1.1.1' ],
20 silly audit   encodeurl: [ '1.0.2' ],
20 silly audit   'escape-html': [ '1.0.3' ],
20 silly audit   etag: [ '1.8.1' ],
20 silly audit   express: [ '4.17.1' ],
20 silly audit   finalhandler: [ '1.1.2' ],
20 silly audit   forwarded: [ '0.1.2' ],
20 silly audit   fresh: [ '0.5.2' ],
20 silly audit   'http-errors': [ '1.7.2' ],
20 silly audit   'iconv-lite': [ '0.4.24' ],
20 silly audit   inherits: [ '2.0.3' ],
20 silly audit   'ipaddr.js': [ '1.9.1' ],
20 silly audit   isarray: [ '1.0.0' ],
20 silly audit   kareem: [ '2.3.2' ],
20 silly audit   'media-typer': [ '0.3.0' ],
20 silly audit   'memory-pager': [ '1.5.0' ],
20 silly audit   'merge-descriptors': [ '1.0.1' ],
20 silly audit   methods: [ '1.1.2' ],
20 silly audit   mime: [ '1.6.0' ],
20 silly audit   'mime-db': [ '1.46.0' ],
20 silly audit   'mime-types': [ '2.1.29' ],
20 silly audit   mongodb: [ '3.6.4' ],
20 silly audit   mongoose: [ '5.11.19' ],
20 silly audit   'mongoose-legacy-pluralize': [ '1.0.2' ],
20 silly audit   ms: [ '2.1.2', '2.0.0', '2.1.1' ],
20 silly audit   'safe-buffer': [ '5.2.1', '5.1.2' ],
20 silly audit   mpath: [ '0.8.3' ],
20 silly audit   mquery: [ '3.2.4' ],
20 silly audit   negotiator: [ '0.6.2' ],
20 silly audit   'object-assign': [ '4.1.1' ],
20 silly audit   'on-finished': [ '2.3.0' ],
20 silly audit   parseurl: [ '1.3.3' ],
20 silly audit   'path-to-regexp': [ '0.1.7' ],
20 silly audit   'process-nextick-args': [ '2.0.1' ],
20 silly audit   'proxy-addr': [ '2.0.6' ],
20 silly audit   qs: [ '6.7.0' ],
20 silly audit   'range-parser': [ '1.2.1' ],
20 silly audit   'raw-body': [ '2.4.0' ],
20 silly audit   'readable-stream': [ '2.3.7' ],
20 silly audit   'regexp-clone': [ '1.0.0' ],
20 silly audit   require_optional: [ '1.0.1' ],
20 silly audit   'resolve-from': [ '2.0.0' ],
20 silly audit   'safer-buffer': [ '2.1.2' ],
20 silly audit   saslprep: [ '1.0.3' ],
20 silly audit   semver: [ '5.7.1' ],
20 silly audit   send: [ '0.17.1' ],
20 silly audit   'serve-static': [ '1.14.1' ],
20 silly audit   setprototypeof: [ '1.1.1' ],
20 silly audit   sift: [ '7.0.1' ],
20 silly audit   sliced: [ '1.0.1' ],
20 silly audit   'sparse-bitfield': [ '3.0.3' ],
20 silly audit   statuses: [ '1.5.0' ],
20 silly audit   string_decoder: [ '1.1.1' ],
20 silly audit   stripe: [ '8.138.0' ],
20 silly audit   toidentifier: [ '1.0.0' ],
20 silly audit   'type-is': [ '1.6.18' ],
20 silly audit   unpipe: [ '1.0.0' ],
20 silly audit   'util-deprecate': [ '1.0.2' ],
20 silly audit   'utils-merge': [ '1.0.1' ],
20 silly audit   uuid: [ '8.3.2' ],
20 silly audit   vary: [ '1.1.2' ],
20 silly audit   dotenv: [ '17.4.2' ]
20 silly audit }
21 http cache dotenv@https://registry.npmjs.org/dotenv/-/dotenv-17.4.2.tgz 1ms (cache hit)
22 silly tarball no local data for dotenv@https://registry.npmjs.org/dotenv/-/dotenv-17.4.2.tgz. Extracting by manifest.
23 http fetch GET 200 https://registry.npmjs.org/dotenv/-/dotenv-17.4.2.tgz 284ms (cache miss)
24 http fetch POST 200 https://registry.npmjs.org/-/npm/v1/security/advisories/bulk 324ms
25 silly audit report {
25 silly audit report   'body-parser': [
25 silly audit report     {
25 silly audit report       id: 1099520,
25 silly audit report       url: 'https://github.com/advisories/GHSA-qwcr-r2fm-qrc7',
25 silly audit report       title: 'body-parser vulnerable to denial of service when url encoding is enabled',
25 silly audit report       severity: 'high',
25 silly audit report       vulnerable_versions: '<1.20.3',
25 silly audit report       cwe: [Array],
25 silly audit report       cvss: [Object]
25 silly audit report     }
25 silly audit report   ],
25 silly audit report   cookie: [
25 silly audit report     {
25 silly audit report       id: 1103907,
25 silly audit report       url: 'https://github.com/advisories/GHSA-pxg6-pf52-xh8x',
25 silly audit report       title: 'cookie accepts cookie name, path, and domain with out of bounds characters',
25 silly audit report       severity: 'low',
25 silly audit report       vulnerable_versions: '<0.7.0',
25 silly audit report       cwe: [Array],
25 silly audit report       cvss: [Object]
25 silly audit report     }
25 silly audit report   ],
25 silly audit report   express: [
25 silly audit report     {
25 silly audit report       id: 1100530,
25 silly audit report       url: 'https://github.com/advisories/GHSA-qw6h-vgh9-j6wx',
25 silly audit report       title: 'express vulnerable to XSS via response.redirect()',
25 silly audit report       severity: 'low',
25 silly audit report       vulnerable_versions: '<4.20.0',
25 silly audit report       cwe: [Array],
25 silly audit report       cvss: [Object]
25 silly audit report     },
25 silly audit report     {
25 silly audit report       id: 1111636,
25 silly audit report       url: 'https://github.com/advisories/GHSA-rv95-896h-c2vc',
25 silly audit report       title: 'Express.js Open Redirect in malformed URLs',
25 silly audit report       severity: 'moderate',
25 silly audit report       vulnerable_versions: '<4.19.2',
25 silly audit report       cwe: [Array],
25 silly audit report       cvss: [Object]
25 silly audit report     }
25 silly audit report   ],
25 silly audit report   mongodb: [
25 silly audit report     {
25 silly audit report       id: 1109549,
25 silly audit report       url: 'https://github.com/advisories/GHSA-vxvm-qww3-2fh7',
25 silly audit report       title: 'MongoDB Driver may publish events containing authentication-related data',
25 silly audit report       severity: 'moderate',
25 silly audit report       vulnerable_versions: '>=3.6.0 <3.6.10',
25 silly audit report       cwe: [Array],
25 silly audit report       cvss: [Object]
25 silly audit report     }
25 silly audit report   ],
25 silly audit report   mongoose: [
25 silly audit report     {
25 silly audit report       id: 1118999,
25 silly audit report       url: 'https://github.com/advisories/GHSA-wpg9-53fq-2r8h',
25 silly audit report       title: "Mongoose's Improper Sanitization of $nor in sanitizeFilter May Allow NoSQL Injection",
25 silly audit report       severity: 'high',
25 silly audit report       vulnerable_versions: '<6.13.9',
25 silly audit report       cwe: [Array],
25 silly audit report       cvss: [Object]
25 silly audit report     },
25 silly audit report     {
25 silly audit report       id: 1112939,
25 silly audit report       url: 'https://github.com/advisories/GHSA-m7xq-9374-9rvx',
25 silly audit report       title: 'Mongoose search injection vulnerability',
25 silly audit report       severity: 'high',
25 silly audit report       vulnerable_versions: '>=3.6.0-rc0 <5.13.23',
25 silly audit report       cwe: [Array],
25 silly audit report       cvss: [Object]
25 silly audit report     },
25 silly audit report     {
25 silly audit report       id: 1095078,
25 silly audit report       url: 'https://github.com/advisories/GHSA-f825-f98c-gj3g',
25 silly audit report       title: 'automattic/mongoose vulnerable to Prototype pollution via Schema.path',
25 silly audit report       severity: 'high',
25 silly audit report       vulnerable_versions: '<5.13.15',
25 silly audit report       cwe: [Array],
25 silly audit report       cvss: [Object]
25 silly audit report     },
25 silly audit report     {
25 silly audit report       id: 1095080,
25 silly audit report       url: 'https://github.com/advisories/GHSA-9m93-w8w6-76hh',
25 silly audit report       title: 'Mongoose Prototype Pollution vulnerability',
25 silly audit report       severity: 'critical',
25 silly audit report       vulnerable_versions: '<5.13.20',
25 silly audit report       cwe: [Array],
25 silly audit report       cvss: [Object]
25 silly audit report     },
25 silly audit report     {
25 silly audit report       id: 1117404,
25 silly audit report       url: 'https://github.com/advisories/GHSA-vg7j-7cwx-8wgw',
25 silly audit report       title: 'Mongoose search injection vulnerability',
25 silly audit report       severity: 'critical',
25 silly audit report       vulnerable_versions: '<6.13.6',
25 silly audit report       cwe: [Array],
25 silly audit report       cvss: [Object]
25 silly audit report     },
25 silly audit report     {
25 silly audit report       id: 1097158,
25 silly audit report       url: 'https://github.com/advisories/GHSA-h8hf-x3f4-xwgp',
25 silly audit report       title: 'Mongoose Vulnerable to Prototype Pollution in Schema Object',
25 silly audit report       severity: 'critical',
25 silly audit report       vulnerable_versions: '<5.13.15',
25 silly audit report       cwe: [Array],
25 silly audit report       cvss: [Object]
25 silly audit report     }
25 silly audit report   ],
25 silly audit report   mpath: [
25 silly audit report     {
25 silly audit report       id: 1095075,
25 silly audit report       url: 'https://github.com/advisories/GHSA-p92x-r36w-9395',
25 silly audit report       title: 'Type confusion in mpath',
25 silly audit report       severity: 'moderate',
25 silly audit report       vulnerable_versions: '<0.8.4',
25 silly audit report       cwe: [Array],
25 silly audit report       cvss: [Object]
25 silly audit report     }
25 silly audit report   ],
25 silly audit report   'path-to-regexp': [
25 silly audit report     {
25 silly audit report       id: 1101850,
25 silly audit report       url: 'https://github.com/advisories/GHSA-9wv6-86v2-598j',
25 silly audit report       title: 'path-to-regexp outputs backtracking regular expressions',
25 silly audit report       severity: 'high',
25 silly audit report       vulnerable_versions: '<0.1.10',
25 silly audit report       cwe: [Array],
25 silly audit report       cvss: [Object]
25 silly audit report     },
25 silly audit report     {
25 silly audit report       id: 1105199,
25 silly audit report       url: 'https://github.com/advisories/GHSA-rhx6-c78j-4q9w',
25 silly audit report       title: 'path-to-regexp contains a ReDoS',
25 silly audit report       severity: 'high',
25 silly audit report       vulnerable_versions: '<0.1.12',
25 silly audit report       cwe: [Array],
25 silly audit report       cvss: [Object]
25 silly audit report     },
25 silly audit report     {
25 silly audit report       id: 1115527,
25 silly audit report       url: 'https://github.com/advisories/GHSA-37ch-88jc-xwx2',
25 silly audit report       title: 'path-to-regexp vulnerable to Regular Expression Denial of Service via multiple route parameters',
25 silly audit report       severity: 'high',
25 silly audit report       vulnerable_versions: '<0.1.13',
25 silly audit report       cwe: [Array],
25 silly audit report       cvss: [Object]
25 silly audit report     }
25 silly audit report   ],
25 silly audit report   qs: [
25 silly audit report     {
25 silly audit report       id: 1104120,
25 silly audit report       url: 'https://github.com/advisories/GHSA-hrpp-h998-j3pp',
25 silly audit report       title: 'qs vulnerable to Prototype Pollution',
25 silly audit report       severity: 'high',
25 silly audit report       vulnerable_versions: '>=6.7.0 <6.7.3',
25 silly audit report       cwe: [Array],
25 silly audit report       cvss: [Object]
25 silly audit report     },
25 silly audit report     {
25 silly audit report       id: 1113161,
25 silly audit report       url: 'https://github.com/advisories/GHSA-w7fw-mjwx-w883',
25 silly audit report       title: "qs's arrayLimit bypass in comma parsing allows denial of service",
25 silly audit report       severity: 'low',
25 silly audit report       vulnerable_versions: '>=6.7.0 <=6.14.1',
25 silly audit report       cwe: [Array],
25 silly audit report       cvss: [Object]
25 silly audit report     },
25 silly audit report     {
25 silly audit report       id: 1113719,
25 silly audit report       url: 'https://github.com/advisories/GHSA-6rw7-vpxm-498p',
25 silly audit report       title: "qs's arrayLimit bypass in its bracket notation allows DoS via memory exhaustion",
25 silly audit report       severity: 'moderate',
25 silly audit report       vulnerable_versions: '<6.14.1',
25 silly audit report       cwe: [Array],
25 silly audit report       cvss: [Object]
25 silly audit report     }
25 silly audit report   ],
25 silly audit report   semver: [
25 silly audit report     {
25 silly audit report       id: 1112918,
25 silly audit report       url: 'https://github.com/advisories/GHSA-c2qf-rxjj-qqgw',
25 silly audit report       title: 'semver vulnerable to Regular Expression Denial of Service',
25 silly audit report       severity: 'high',
25 silly audit report       vulnerable_versions: '>=2.0.0-alpha <5.7.2',
25 silly audit report       cwe: [Array],
25 silly audit report       cvss: [Object]
25 silly audit report     }
25 silly audit report   ],
25 silly audit report   send: [
25 silly audit report     {
25 silly audit report       id: 1109556,
25 silly audit report       url: 'https://github.com/advisories/GHSA-m6fv-jmcg-4jfg',
25 silly audit report       title: 'send vulnerable to template injection that can lead to XSS',
25 silly audit report       severity: 'low',
25 silly audit report       vulnerable_versions: '<0.19.0',
25 silly audit report       cwe: [Array],
25 silly audit report       cvss: [Object]
25 silly audit report     }
25 silly audit report   ],
25 silly audit report   'serve-static': [
25 silly audit report     {
25 silly audit report       id: 1100528,
25 silly audit report       url: 'https://github.com/advisories/GHSA-cm22-4g7w-348p',
25 silly audit report       title: 'serve-static vulnerable to template injection that can lead to XSS',
25 silly audit report       severity: 'low',
25 silly audit report       vulnerable_versions: '<1.16.0',
25 silly audit report       cwe: [Array],
25 silly audit report       cvss: [Object]
25 silly audit report     }
25 silly audit report   ],
25 silly audit report   uuid: [
25 silly audit report     {
25 silly audit report       id: 1119441,
25 silly audit report       url: 'https://github.com/advisories/GHSA-w5hq-g745-h8pq',
25 silly audit report       title: 'uuid: Missing buffer bounds check in v3/v5/v6 when buf is provided',
25 silly audit report       severity: 'moderate',
25 silly audit report       vulnerable_versions: '<11.1.1',
25 silly audit report       cwe: [Array],
25 silly audit report       cvss: [Object]
25 silly audit report     }
25 silly audit report   ]
25 silly audit report }
26 silly packumentCache corgi:https://registry.npmjs.org/body-parser cache-miss
27 silly packumentCache corgi:https://registry.npmjs.org/cookie cache-miss
28 silly packumentCache corgi:https://registry.npmjs.org/express cache-miss
29 silly packumentCache corgi:https://registry.npmjs.org/mongodb cache-miss
30 silly packumentCache corgi:https://registry.npmjs.org/mongoose cache-miss
31 silly packumentCache corgi:https://registry.npmjs.org/mpath cache-miss
32 silly packumentCache corgi:https://registry.npmjs.org/path-to-regexp cache-miss
33 silly packumentCache corgi:https://registry.npmjs.org/qs cache-miss
34 silly packumentCache corgi:https://registry.npmjs.org/semver cache-miss
35 silly packumentCache corgi:https://registry.npmjs.org/send cache-miss
36 silly packumentCache corgi:https://registry.npmjs.org/serve-static cache-miss
37 silly packumentCache corgi:https://registry.npmjs.org/uuid cache-miss
38 http fetch GET 200 https://registry.npmjs.org/express 257ms (cache revalidated)
39 silly packumentCache corgi:https://registry.npmjs.org/express set size:339376 disposed:false
40 http fetch GET 200 https://registry.npmjs.org/body-parser 273ms (cache revalidated)
41 silly packumentCache corgi:https://registry.npmjs.org/body-parser set size:80054 disposed:false
42 http fetch GET 200 https://registry.npmjs.org/cookie 398ms (cache revalidated)
43 silly packumentCache corgi:https://registry.npmjs.org/cookie set size:25657 disposed:false
44 http fetch GET 200 https://registry.npmjs.org/path-to-regexp 415ms (cache revalidated)
45 silly packumentCache corgi:https://registry.npmjs.org/path-to-regexp set size:66575 disposed:false
46 http fetch GET 200 https://registry.npmjs.org/serve-static 430ms (cache revalidated)
47 silly packumentCache corgi:https://registry.npmjs.org/serve-static set size:58234 disposed:false
48 http fetch GET 200 https://registry.npmjs.org/semver 433ms (cache revalidated)
49 silly packumentCache corgi:https://registry.npmjs.org/semver set size:101435 disposed:false
50 http fetch GET 200 https://registry.npmjs.org/send 435ms (cache revalidated)
51 silly packumentCache corgi:https://registry.npmjs.org/send set size:63171 disposed:false
52 http fetch GET 200 https://registry.npmjs.org/mongoose 452ms (cache revalidated)
53 silly packumentCache corgi:https://registry.npmjs.org/mongoose set size:1628818 disposed:false
54 http fetch GET 200 https://registry.npmjs.org/qs 507ms (cache revalidated)
55 silly packumentCache corgi:https://registry.npmjs.org/qs set size:148003 disposed:false
56 http fetch GET 200 https://registry.npmjs.org/uuid 508ms (cache revalidated)
57 silly packumentCache corgi:https://registry.npmjs.org/uuid set size:82973 disposed:false
58 http fetch GET 200 https://registry.npmjs.org/mongodb 527ms (cache revalidated)
59 silly packumentCache corgi:https://registry.npmjs.org/mongodb set size:1695185 disposed:false
60 http fetch GET 200 https://registry.npmjs.org/mpath 658ms (cache revalidated)
61 silly packumentCache corgi:https://registry.npmjs.org/mpath set size:20854 disposed:false
62 silly packumentCache corgi:https://registry.npmjs.org/mongoose-legacy-pluralize cache-miss
63 http fetch GET 200 https://registry.npmjs.org/mongoose-legacy-pluralize 312ms (cache revalidated)
64 silly packumentCache corgi:https://registry.npmjs.org/mongoose-legacy-pluralize set size:3349 disposed:false
65 silly packumentCache corgi:https://registry.npmjs.org/stripe cache-miss
66 http fetch GET 200 https://registry.npmjs.org/stripe 76ms (cache revalidated)
67 silly packumentCache corgi:https://registry.npmjs.org/stripe set size:1185332 disposed:false
68 silly packumentCache corgi:https://registry.npmjs.org/require_optional cache-miss
69 http fetch GET 200 https://registry.npmjs.org/require_optional 320ms (cache revalidated)
70 silly packumentCache corgi:https://registry.npmjs.org/require_optional set size:1391 disposed:false
71 silly ADD node_modules/dotenv
72 verbose cwd C:\Users\mosaf\OneDrive\Desktop\github\redbus\back-end-redbus
73 verbose os Windows_NT 10.0.26200
74 verbose node v24.15.0
75 verbose npm  v11.12.1
76 verbose exit 0
77 info ok
